2026-03-12 06:45:59,295 -INFO - Программа заработала 
2026-03-12 06:45:59,296 -INFO - Начилась опросник
2026-03-12 06:46:03,022 -INFO - пользовотель вел возраст 23
2026-03-12 06:46:03,023 -INFO - Программа удачно завершилось
2026-03-12 06:46:20,478 -INFO - Программа заработала 
2026-03-12 06:46:20,479 -INFO - Начилась опросник
2026-03-12 06:46:23,787 -ERROR - Ошибка вы вели не число
2026-03-12 06:46:23,788 -INFO - Программа удачно завершилось
2026-03-18 15:48:26,649 -INFO - Программа заработала 
2026-03-18 15:48:26,651 -INFO - Начилась опросник
2026-03-18 15:48:35,294 -INFO - пользовотель вел возраст 17
2026-03-18 15:48:35,295 -INFO - Программа удачно завершилось
2026-03-19 05:27:59,018 -INFO - Программа заработала 
2026-03-19 05:27:59,020 -INFO - Начилась опросник
2026-03-19 05:28:23,567 -INFO - пользовотель вел возраст 18
2026-03-19 05:28:23,577 -INFO - Программа удачно завершилось
2026-03-19 05:28:56,484 -INFO - Программа заработала 
2026-03-19 05:28:56,484 -INFO - Начилась опросник
2026-03-19 05:29:03,806 -ERROR - Ошибка вы вели не число
2026-03-19 05:29:03,807 -INFO - Программа удачно завершилось
2026-03-19 06:19:07,262 -INFO - Программа заработала 
2026-03-19 06:19:07,263 -INFO - Начилась опросник
2026-03-19 06:19:14,358 -INFO - пользовотель вел возраст 27
2026-03-19 06:19:14,359 -INFO - Программа удачно завершилось
